0 info it worked if it ends with ok
1 verbose cli [ '/home/vagrant/.nvm/versions/node/v6.10.2/bin/node',
1 verbose cli   '/home/vagrant/.nvm/versions/node/v6.10.2/bin/npm',
1 verbose cli   'run',
1 verbose cli   'test' ]
2 info using npm@3.10.10
3 info using node@v6.10.2
4 verbose run-script [ 'pretest', 'test', 'posttest' ]
5 info lifecycle u235@1.0.0~pretest: u235@1.0.0
6 silly lifecycle u235@1.0.0~pretest: no script for pretest, continuing
7 info lifecycle u235@1.0.0~test: u235@1.0.0
8 verbose lifecycle u235@1.0.0~test: unsafe-perm in lifecycle true
9 verbose lifecycle u235@1.0.0~test: PATH: /home/vagrant/.nvm/versions/node/v6.10.2/lib/node_modules/npm/bin/node-gyp-bin:/vagrant/repos/u235core/node_modules/.bin:/home/vagrant/.nvm/versions/node/v6.10.2/bin:/usr/local/sbin:/usr/local/bin:/usr/sbin:/usr/bin:/sbin:/bin:/usr/games:/usr/local/games
10 verbose lifecycle u235@1.0.0~test: CWD: /vagrant/repos/u235core
11 silly lifecycle u235@1.0.0~test: Args: [ '-c', 'npm run test:integration && npm run test:unit' ]
12 silly lifecycle u235@1.0.0~test: Returned: code: 1  signal: null
13 info lifecycle u235@1.0.0~test: Failed to exec test script
14 verbose stack Error: u235@1.0.0 test: `npm run test:integration && npm run test:unit`
14 verbose stack Exit status 1
14 verbose stack     at EventEmitter.<anonymous> (/home/vagrant/.nvm/versions/node/v6.10.2/lib/node_modules/npm/lib/utils/lifecycle.js:255:16)
14 verbose stack     at emitTwo (events.js:106:13)
14 verbose stack     at EventEmitter.emit (events.js:191:7)
14 verbose stack     at ChildProcess.<anonymous> (/home/vagrant/.nvm/versions/node/v6.10.2/lib/node_modules/npm/lib/utils/spawn.js:40:14)
14 verbose stack     at emitTwo (events.js:106:13)
14 verbose stack     at ChildProcess.emit (events.js:191:7)
14 verbose stack     at maybeClose (internal/child_process.js:886:16)
14 verbose stack     at Process.ChildProcess._handle.onexit (internal/child_process.js:226:5)
15 verbose pkgid u235@1.0.0
16 verbose cwd /vagrant/repos/u235core
17 error Linux 3.13.0-116-generic
18 error argv "/home/vagrant/.nvm/versions/node/v6.10.2/bin/node" "/home/vagrant/.nvm/versions/node/v6.10.2/bin/npm" "run" "test"
19 error node v6.10.2
20 error npm  v3.10.10
21 error code ELIFECYCLE
22 error u235@1.0.0 test: `npm run test:integration && npm run test:unit`
22 error Exit status 1
23 error Failed at the u235@1.0.0 test script 'npm run test:integration && npm run test:unit'.
23 error Make sure you have the latest version of node.js and npm installed.
23 error If you do, this is most likely a problem with the u235 package,
23 error not with npm itself.
23 error Tell the author that this fails on your system:
23 error     npm run test:integration && npm run test:unit
23 error You can get information on how to open an issue for this project with:
23 error     npm bugs u235
23 error Or if that isn't available, you can get their info via:
23 error     npm owner ls u235
23 error There is likely additional logging output above.
24 verbose exit [ 1, true ]
